Sun Jan 21 2018 23:24:51 GMT+0530 (IST): GET /
Sun Jan 21 2018 23:25:06 GMT+0530 (IST): GET /about
Sun Jan 21 2018 23:25:45 GMT+0530 (IST): GET /
Sun Jan 21 2018 23:26:08 GMT+0530 (IST): GET /about
Sun Jan 21 2018 23:26:10 GMT+0530 (IST): GET /
Sun Jan 21 2018 23:32:15 GMT+0530 (IST): GET /
Sun Jan 21 2018 23:32:51 GMT+0530 (IST): GET /about
Sun Jan 21 2018 23:39:38 GMT+0530 (IST): GET /help.html
Sun Jan 21 2018 23:40:18 GMT+0530 (IST): GET /
Thu Mar 08 2018 16:07:29 GMT-0500 (EST): GET /
Thu Mar 08 2018 16:07:29 GMT-0500 (EST): GET /favicon.ico
Thu Mar 08 2018 16:07:47 GMT-0500 (EST): GET /
Thu Mar 08 2018 16:10:21 GMT-0500 (EST): GET /
Fri Mar 09 2018 17:49:53 GMT-0500 (EST): GET /
Fri Mar 09 2018 17:50:59 GMT-0500 (EST): GET /about
Fri Mar 09 2018 17:51:05 GMT-0500 (EST): GET /about
Fri Mar 09 2018 17:51:22 GMT-0500 (EST): GET /bad
Fri Mar 09 2018 17:52:17 GMT-0500 (EST): GET /about
Fri Mar 09 2018 17:52:23 GMT-0500 (EST): GET /
Fri Mar 09 2018 17:53:21 GMT-0500 (EST): GET /
Fri Mar 09 2018 17:53:22 GMT-0500 (EST): GET /about
Fri Mar 09 2018 17:53:25 GMT-0500 (EST): GET /
Fri Mar 09 2018 17:53:26 GMT-0500 (EST): GET /about
Fri Mar 09 2018 18:04:49 GMT-0500 (EST): GET /
Fri Mar 09 2018 18:06:04 GMT-0500 (EST): GET /
Fri Mar 09 2018 18:06:25 GMT-0500 (EST): GET /
